Performing C++ SOURCE FILE Test ERROR_NAME_COMPILE failed with the following output:
Change Dir: /Users/qhyccd/codespace/QHYCCD_LinuxV4/build/CMakeFiles/CMakeTmp

Run Build Command:"/usr/bin/make" "cmTryCompileExec769054646/fast"
/Applications/Xcode.app/Contents/Developer/usr/bin/make -f CMakeFiles/cmTryCompileExec769054646.dir/build.make CMakeFiles/cmTryCompileExec769054646.dir/build
/opt/local/bin/cmake -E cmake_progress_report /Users/qhyccd/codespace/QHYCCD_LinuxV4/build/CMakeFiles/CMakeTmp/CMakeFiles 1
Building CXX object CMakeFiles/cmTryCompileExec769054646.dir/src.cxx.o
/usr/bin/c++    -DERROR_NAME_COMPILE -isysroot /Applications/Xcode.app/Contents/Developer/Platforms/MacOSX.platform/Developer/SDKs/MacOSX10.9.sdk -I/usr/local/include/libusb-1.0    -o CMakeFiles/cmTryCompileExec769054646.dir/src.cxx.o -c /Users/qhyccd/codespace/QHYCCD_LinuxV4/build/CMakeFiles/CMakeTmp/src.cxx
/Users/qhyccd/codespace/QHYCCD_LinuxV4/build/CMakeFiles/CMakeTmp/src.cxx:1:10: fatal error: 'libusb-1.0/libusb.h' file not found
#include <libusb-1.0/libusb.h> 
         ^
1 error generated.
make[1]: *** [CMakeFiles/cmTryCompileExec769054646.dir/src.cxx.o] Error 1
make: *** [cmTryCompileExec769054646/fast] Error 2

Source file was:
#include <libusb-1.0/libusb.h> 
      int main() { libusb_error_name(0); return 0; }
